0 info it worked if it ends with ok
1 verbose cli [ '/Users/lamccloskey/Developer/moviedb/node/node',
1 verbose cli   '/Users/lamccloskey/Developer/moviedb/node/node_modules/npm/bin/npm-cli.js',
1 verbose cli   'install' ]
2 info using npm@3.9.0
3 info using node@v5.5.0
4 verbose config Skipping project config: /Users/lamccloskey/.npmrc. (matches userconfig)
5 silly loadCurrentTree Starting
6 silly install loadCurrentTree
7 silly install readLocalPackageData
8 silly install normalizeTree
9 silly loadCurrentTree Finishing
10 silly loadIdealTree Starting
11 silly install loadIdealTree
12 silly cloneCurrentTree Starting
13 silly install cloneCurrentTreeToIdealTree
14 silly cloneCurrentTree Finishing
15 silly loadShrinkwrap Starting
16 silly install loadShrinkwrap
17 silly loadShrinkwrap Finishing
18 silly loadAllDepsIntoIdealTree Starting
19 silly install loadAllDepsIntoIdealTree
20 silly loadAllDepsIntoIdealTree Finishing
21 silly idealTree:prePrune lamccloskey
21 silly idealTree:prePrune ├── aws-sdk@2.3.14
21 silly idealTree:prePrune ├── base64-url@1.2.2
21 silly idealTree:prePrune ├── base64url@1.0.6
21 silly idealTree:prePrune ├─┬ bl@1.1.2
21 silly idealTree:prePrune │ ├── isarray@1.0.0
21 silly idealTree:prePrune │ └── readable-stream@2.0.6
21 silly idealTree:prePrune ├── buffer-equal-constant-time@1.0.1
21 silly idealTree:prePrune ├── camelcase-keys@1.0.0
21 silly idealTree:prePrune ├── camelcase@1.2.1
21 silly idealTree:prePrune ├── concat-stream@1.4.10
21 silly idealTree:prePrune ├── core-util-is@1.0.2
21 silly idealTree:prePrune ├── ecdsa-sig-formatter@1.0.5
21 silly idealTree:prePrune ├── get-stdin@4.0.1
21 silly idealTree:prePrune ├── hoek@2.16.3
21 silly idealTree:prePrune ├── indent-string@1.2.2
21 silly idealTree:prePrune ├── inherits@2.0.1
21 silly idealTree:prePrune ├── is-finite@1.0.1
21 silly idealTree:prePrune ├── isarray@0.0.1
21 silly idealTree:prePrune ├── isemail@1.2.0
21 silly idealTree:prePrune ├── jmespath@0.15.0
21 silly idealTree:prePrune ├── joi@6.10.1
21 silly idealTree:prePrune ├── jsonwebtoken@7.0.0
21 silly idealTree:prePrune ├── jwa@1.1.3
21 silly idealTree:prePrune ├── jws@3.1.3
21 silly idealTree:prePrune ├── lodash@3.5.0
21 silly idealTree:prePrune ├── map-obj@1.0.1
21 silly idealTree:prePrune ├── meow@2.0.0
21 silly idealTree:prePrune ├── minimist@1.2.0
21 silly idealTree:prePrune ├── moment@2.13.0
21 silly idealTree:prePrune ├── ms@0.7.1
21 silly idealTree:prePrune ├── number-is-nan@1.0.0
21 silly idealTree:prePrune ├── object-assign@1.0.0
21 silly idealTree:prePrune ├── process-nextick-args@1.0.7
21 silly idealTree:prePrune ├── readable-stream@1.1.14
21 silly idealTree:prePrune ├── repeating@1.1.3
21 silly idealTree:prePrune ├── sax@1.1.5
21 silly idealTree:prePrune ├── string_decoder@0.10.31
21 silly idealTree:prePrune ├── topo@1.1.0
21 silly idealTree:prePrune ├── typedarray@0.0.6
21 silly idealTree:prePrune ├── util-deprecate@1.0.2
21 silly idealTree:prePrune ├── xml2js@0.4.15
21 silly idealTree:prePrune ├── xmlbuilder@2.6.2
21 silly idealTree:prePrune └── xtend@4.0.1
22 silly loadIdealTree Finishing
23 silly currentTree lamccloskey
23 silly currentTree ├── aws-sdk@2.3.14
23 silly currentTree ├── base64-url@1.2.2
23 silly currentTree ├── base64url@1.0.6
23 silly currentTree ├─┬ bl@1.1.2
23 silly currentTree │ ├── isarray@1.0.0
23 silly currentTree │ └── readable-stream@2.0.6
23 silly currentTree ├── buffer-equal-constant-time@1.0.1
23 silly currentTree ├── camelcase-keys@1.0.0
23 silly currentTree ├── camelcase@1.2.1
23 silly currentTree ├── concat-stream@1.4.10
23 silly currentTree ├── core-util-is@1.0.2
23 silly currentTree ├── ecdsa-sig-formatter@1.0.5
23 silly currentTree ├── get-stdin@4.0.1
23 silly currentTree ├── hoek@2.16.3
23 silly currentTree ├── indent-string@1.2.2
23 silly currentTree ├── inherits@2.0.1
23 silly currentTree ├── is-finite@1.0.1
23 silly currentTree ├── isarray@0.0.1
23 silly currentTree ├── isemail@1.2.0
23 silly currentTree ├── jmespath@0.15.0
23 silly currentTree ├── joi@6.10.1
23 silly currentTree ├── jsonwebtoken@7.0.0
23 silly currentTree ├── jwa@1.1.3
23 silly currentTree ├── jws@3.1.3
23 silly currentTree ├── lodash@3.5.0
23 silly currentTree ├── map-obj@1.0.1
23 silly currentTree ├── meow@2.0.0
23 silly currentTree ├── minimist@1.2.0
23 silly currentTree ├── moment@2.13.0
23 silly currentTree ├── ms@0.7.1
23 silly currentTree ├── number-is-nan@1.0.0
23 silly currentTree ├── object-assign@1.0.0
23 silly currentTree ├── process-nextick-args@1.0.7
23 silly currentTree ├── readable-stream@1.1.14
23 silly currentTree ├── repeating@1.1.3
23 silly currentTree ├── sax@1.1.5
23 silly currentTree ├── string_decoder@0.10.31
23 silly currentTree ├── topo@1.1.0
23 silly currentTree ├── typedarray@0.0.6
23 silly currentTree ├── util-deprecate@1.0.2
23 silly currentTree ├── xml2js@0.4.15
23 silly currentTree ├── xmlbuilder@2.6.2
23 silly currentTree └── xtend@4.0.1
24 silly idealTree lamccloskey
24 silly idealTree ├── aws-sdk@2.3.14
24 silly idealTree ├── base64-url@1.2.2
24 silly idealTree ├── base64url@1.0.6
24 silly idealTree ├─┬ bl@1.1.2
24 silly idealTree │ ├── isarray@1.0.0
24 silly idealTree │ └── readable-stream@2.0.6
24 silly idealTree ├── buffer-equal-constant-time@1.0.1
24 silly idealTree ├── camelcase-keys@1.0.0
24 silly idealTree ├── camelcase@1.2.1
24 silly idealTree ├── concat-stream@1.4.10
24 silly idealTree ├── core-util-is@1.0.2
24 silly idealTree ├── ecdsa-sig-formatter@1.0.5
24 silly idealTree ├── get-stdin@4.0.1
24 silly idealTree ├── hoek@2.16.3
24 silly idealTree ├── indent-string@1.2.2
24 silly idealTree ├── inherits@2.0.1
24 silly idealTree ├── is-finite@1.0.1
24 silly idealTree ├── isarray@0.0.1
24 silly idealTree ├── isemail@1.2.0
24 silly idealTree ├── jmespath@0.15.0
24 silly idealTree ├── joi@6.10.1
24 silly idealTree ├── jsonwebtoken@7.0.0
24 silly idealTree ├── jwa@1.1.3
24 silly idealTree ├── jws@3.1.3
24 silly idealTree ├── lodash@3.5.0
24 silly idealTree ├── map-obj@1.0.1
24 silly idealTree ├── meow@2.0.0
24 silly idealTree ├── minimist@1.2.0
24 silly idealTree ├── moment@2.13.0
24 silly idealTree ├── ms@0.7.1
24 silly idealTree ├── number-is-nan@1.0.0
24 silly idealTree ├── object-assign@1.0.0
24 silly idealTree ├── process-nextick-args@1.0.7
24 silly idealTree ├── readable-stream@1.1.14
24 silly idealTree ├── repeating@1.1.3
24 silly idealTree ├── sax@1.1.5
24 silly idealTree ├── string_decoder@0.10.31
24 silly idealTree ├── topo@1.1.0
24 silly idealTree ├── typedarray@0.0.6
24 silly idealTree ├── util-deprecate@1.0.2
24 silly idealTree ├── xml2js@0.4.15
24 silly idealTree ├── xmlbuilder@2.6.2
24 silly idealTree └── xtend@4.0.1
25 silly generateActionsToTake Starting
26 silly install generateActionsToTake
27 warn checkPermissions Missing write access to /Users/lamccloskey/node_modules
28 silly rollbackFailedOptional Starting
29 silly rollbackFailedOptional Finishing
30 silly runTopLevelLifecycles Starting
31 silly runTopLevelLifecycles Finishing
32 silly install printInstalled
33 warn enoent ENOENT: no such file or directory, open '/Users/lamccloskey/package.json'
34 warn lamccloskey No description
35 warn lamccloskey No repository field.
36 warn lamccloskey No README data
37 warn lamccloskey No license field.
38 verbose stack Error: EACCES: permission denied, access '/Users/lamccloskey/node_modules'
38 verbose stack     at Error (native)
39 verbose cwd /Users/lamccloskey/Developer/moviedb
40 error Darwin 15.6.0
41 error argv "/Users/lamccloskey/Developer/moviedb/node/node" "/Users/lamccloskey/Developer/moviedb/node/node_modules/npm/bin/npm-cli.js" "install"
42 error node v5.5.0
43 error npm  v3.9.0
44 error path /Users/lamccloskey/node_modules
45 error code EACCES
46 error errno -13
47 error syscall access
48 error Error: EACCES: permission denied, access '/Users/lamccloskey/node_modules'
48 error     at Error (native)
48 error  { [Error: EACCES: permission denied, access '/Users/lamccloskey/node_modules']
48 error   errno: -13,
48 error   code: 'EACCES',
48 error   syscall: 'access',
48 error   path: '/Users/lamccloskey/node_modules' }
49 error Please try running this command again as root/Administrator.
50 verbose exit [ -13, true ]
